kotlin version: 2.0.0
error message: org.jetbrains.kotlin.backend.common.BackendException: Backend Internal error: Exception during IR lowering
File being compiled: /Users/edurne/Desktop/intrap/intrap/shared/src/androidMain/kotlin/VideoPlayer.kt
The root cause java.lang.RuntimeException was thrown at: org.jetbrains.kotlin.backend.jvm.codegen.FunctionCodegen.generate(FunctionCodegen.kt:50)
	at org.jetbrains.kotlin.backend.common.CodegenUtil.reportBackendException(CodegenUtil.kt:253)
	at org.jetbrains.kotlin.backend.common.CodegenUtil.reportBackendException$default(CodegenUtil.kt:236)
	at org.jetbrains.kotlin.backend.common.phaser.PerformByIrFilePhase.invokeSequential(performByIrFile.kt:65)
	at org.jetbrains.kotlin.backend.common.phaser.PerformByIrFilePhase.invoke(performByIrFile.kt:52)
	at org.jetbrains.kotlin.backend.common.phaser.PerformByIrFilePhase.invoke(performByIrFile.kt:38)
	at org.jetbrains.kotlin.backend.common.phaser.NamedCompilerPhase.phaseBody(CompilerPhase.kt:166)
	at org.jetbrains.kotlin.backend.common.phaser.AbstractNamedCompilerPhase.invoke(CompilerPhase.kt:113)
	at org.jetbrains.kotlin.backend.common.phaser.CompositePhase.invoke(PhaseBuilders.kt:29)
	at org.jetbrains.kotlin.backend.common.phaser.CompositePhase.invoke(PhaseBuilders.kt:16)
	at org.jetbrains.kotlin.backend.common.phaser.NamedCompilerPhase.phaseBody(CompilerPhase.kt:166)
	at org.jetbrains.kotlin.backend.common.phaser.AbstractNamedCompilerPhase.invoke(CompilerPhase.kt:113)
	at org.jetbrains.kotlin.backend.common.phaser.CompilerPhaseKt.invokeToplevel(CompilerPhase.kt:62)
	at org.jetbrains.kotlin.backend.jvm.JvmIrCodegenFactory.invokeCodegen(JvmIrCodegenFactory.kt:371)
	at org.jetbrains.kotlin.codegen.CodegenFactory.generateModule(CodegenFactory.kt:47)
	at org.jetbrains.kotlin.backend.jvm.JvmIrCodegenFactory.generateModuleInFrontendIRMode(JvmIrCodegenFactory.kt:433)
	at org.jetbrains.kotlin.cli.jvm.compiler.pipeline.JvmCompilerPipelineKt.generateCodeFromIr(jvmCompilerPipeline.kt:241)
	at org.jetbrains.kotlin.cli.jvm.compiler.pipeline.JvmCompilerPipelineKt.compileModulesUsingFrontendIrAndLightTree(jvmCompilerPipeline.kt:140)
	at org.jetbrains.kotlin.cli.jvm.K2JVMCompiler.doExecute(K2JVMCompiler.kt:155)
	at org.jetbrains.kotlin.cli.jvm.K2JVMCompiler.doExecute(K2JVMCompiler.kt:50)
	at org.jetbrains.kotlin.cli.common.CLICompiler.execImpl(CLICompiler.kt:104)
	at org.jetbrains.kotlin.cli.common.CLICompiler.execImpl(CLICompiler.kt:48)
	at org.jetbrains.kotlin.cli.common.CLITool.exec(CLITool.kt:101)
	at org.jetbrains.kotlin.incremental.IncrementalJvmCompilerRunner.runCompiler(IncrementalJvmCompilerRunner.kt:453)
	at org.jetbrains.kotlin.incremental.IncrementalJvmCompilerRunner.runCompiler(IncrementalJvmCompilerRunner.kt:62)
	at org.jetbrains.kotlin.incremental.IncrementalCompilerRunner.doCompile(IncrementalCompilerRunner.kt:506)
	at org.jetbrains.kotlin.incremental.IncrementalCompilerRunner.compileImpl(IncrementalCompilerRunner.kt:423)
	at org.jetbrains.kotlin.incremental.IncrementalCompilerRunner.compileNonIncrementally(IncrementalCompilerRunner.kt:301)
	at org.jetbrains.kotlin.incremental.IncrementalCompilerRunner.compile(IncrementalCompilerRunner.kt:129)
	at org.jetbrains.kotlin.daemon.CompileServiceImplBase.execIncrementalCompiler(CompileServiceImpl.kt:676)
	at org.jetbrains.kotlin.daemon.CompileServiceImplBase.access$execIncrementalCompiler(CompileServiceImpl.kt:92)
	at org.jetbrains.kotlin.daemon.CompileServiceImpl.compile(CompileServiceImpl.kt:1661)
	at java.base/jdk.internal.reflect.DirectMethodHandleAccessor.invoke(Unknown Source)
	at java.base/java.lang.reflect.Method.invoke(Unknown Source)
	at java.rmi/sun.rmi.server.UnicastServerRef.dispatch(Unknown Source)
	at java.rmi/sun.rmi.transport.Transport$1.run(Unknown Source)
	at java.rmi/sun.rmi.transport.Transport$1.run(Unknown Source)
	at java.base/java.security.AccessController.doPrivileged(Unknown Source)
	at java.rmi/sun.rmi.transport.Transport.serviceCall(Unknown Source)
	at java.rmi/sun.rmi.transport.tcp.TCPTransport.handleMessages(Unknown Source)
	at java.rmi/sun.rmi.transport.tcp.TCPTransport$ConnectionHandler.run0(Unknown Source)
	at java.rmi/sun.rmi.transport.tcp.TCPTransport$ConnectionHandler.lambda$run$0(Unknown Source)
	at java.base/java.security.AccessController.doPrivileged(Unknown Source)
	at java.rmi/sun.rmi.transport.tcp.TCPTransport$ConnectionHandler.run(Unknown Source)
	at java.base/java.util.concurrent.ThreadPoolExecutor.runWorker(Unknown Source)
	at java.base/java.util.concurrent.ThreadPoolExecutor$Worker.run(Unknown Source)
	at java.base/java.lang.Thread.run(Unknown Source)
Caused by: java.lang.RuntimeException: Exception while generating code for:
FUN name:VideoPlayer visibility:public modality:FINAL <> (videoFileName:kotlin.String, modifier:androidx.compose.ui.Modifier, onVideoFinished:kotlin.Function0<kotlin.Unit>) returnType:kotlin.Unit
  annotations:
    Composable
  VALUE_PARAMETER name:videoFileName index:0 type:kotlin.String
  VALUE_PARAMETER name:modifier index:1 type:androidx.compose.ui.Modifier
  VALUE_PARAMETER name:onVideoFinished index:2 type:kotlin.Function0<kotlin.Unit>
  BLOCK_BODY
    VAR name:context type:android.content.Context [val]
      CALL 'public final fun <get-current> (): T of androidx.compose.runtime.CompositionLocal [inline] declared in androidx.compose.runtime.CompositionLocal' type=android.content.Context origin=GET_PROPERTY
        $this: TYPE_OP type=androidx.compose.runtime.CompositionLocal<T of androidx.compose.runtime.CompositionLocal> origin=IMPLICIT_CAST typeOperand=androidx.compose.runtime.CompositionLocal<T of androidx.compose.runtime.CompositionLocal>
          CALL 'public final fun <get-LocalContext> (): androidx.compose.runtime.ProvidableCompositionLocal<android.content.Context> declared in androidx.compose.ui.platform.AndroidCompositionLocals_androidKt' type=androidx.compose.runtime.ProvidableCompositionLocal<android.content.Context> origin=GET_PROPERTY
    VAR name:inputStream type:java.io.InputStream [val]
      BLOCK type=java.io.InputStream origin=null
        VAR IR_TEMPORARY_VARIABLE name:tmp0 type:kotlin.Any? [val]
          CALL 'public open fun open (p0: @[EnhancedNullability] kotlin.String): @[EnhancedNullability] java.io.InputStream declared in android.content.res.AssetManager' type=@[EnhancedNullability] java.io.InputStream origin=null
            $this: CALL 'public abstract fun getAssets (): @[FlexibleNullability] android.content.res.AssetManager? declared in android.content.Context' type=@[FlexibleNullability] android.content.res.AssetManager? origin=GET_PROPERTY
              $this: GET_VAR 'val context: android.content.Context [val] declared in com.example.shared.VideoPlayerKt.VideoPlayer' type=android.content.Context origin=null
            p0: CALL 'public final fun toString (): kotlin.String declared in java.lang.StringBuilder' type=kotlin.String origin=null
              $this: CALL 'public final fun append (value: kotlin.String?): java.lang.StringBuilder declared in java.lang.StringBuilder' type=java.lang.StringBuilder origin=null
                $this: CALL 'public final fun append (value: kotlin.String?): java.lang.StringBuilder declared in java.lang.StringBuilder' type=java.lang.StringBuilder origin=null
                  $this: CONSTRUCTOR_CALL 'public constructor <init> () declared in java.lang.StringBuilder' type=java.lang.StringBuilder origin=null
                  value: CONST String type=kotlin.String value="videos/"
                value: GET_VAR 'videoFileName: kotlin.String declared in com.example.shared.VideoPlayerKt.VideoPlayer' type=kotlin.String origin=null
        CALL 'public final fun checkNotNullExpressionValue (value: kotlin.Any?, expression: kotlin.String): kotlin.Unit declared in kotlin.jvm.internal.Intrinsics' type=kotlin.Unit origin=null
          value: GET_VAR 'val tmp0: kotlin.Any? [val] declared in com.example.shared.VideoPlayerKt.VideoPlayer' type=kotlin.Any? origin=null
          expression: CONST String type=kotlin.String value="open(...)"
        GET_VAR 'val tmp0: kotlin.Any? [val] declared in com.example.shared.VideoPlayerKt.VideoPlayer' type=kotlin.Any? origin=null
    COMPOSITE type=kotlin.Unit origin=null
      CALL 'public open fun d (p0: @[EnhancedNullability] kotlin.String?, p1: @[EnhancedNullability] kotlin.String): kotlin.Int declared in android.util.Log' type=kotlin.Int origin=null
        p0: CONST String type=kotlin.String value="VIDEO"
        p1: CALL 'public final fun toString (): kotlin.String declared in java.lang.StringBuilder' type=kotlin.String origin=null
          $this: CALL 'public final fun append (value: kotlin.String?): java.lang.StringBuilder declared in java.lang.StringBuilder' type=java.lang.StringBuilder origin=null
            $this: CALL 'public final fun append (value: kotlin.String?): java.lang.StringBuilder declared in java.lang.StringBuilder' type=java.lang.StringBuilder origin=null
              $this: CONSTRUCTOR_CALL 'public constructor <init> () declared in java.lang.StringBuilder' type=java.lang.StringBuilder origin=null
              value: CONST String type=kotlin.String value="INPUT "
            value: GET_VAR 'videoFileName: kotlin.String declared in com.example.shared.VideoPlayerKt.VideoPlayer' type=kotlin.String origin=null
      COMPOSITE type=kotlin.Unit origin=null
    VAR name:videoUri type:@[FlexibleNullability] android.net.Uri? [val]
      CALL 'public final fun remember <T> (calculation: @[DisallowComposableCalls] kotlin.Function0<T of androidx.compose.runtime.ComposablesKt.remember>): T of androidx.compose.runtime.ComposablesKt.remember [inline] declared in androidx.compose.runtime.ComposablesKt' type=@[FlexibleNullability] android.net.Uri? origin=null
        <T>: @[FlexibleNullability] android.net.Uri?
        calculation: BLOCK type=kotlin.Function0<@[FlexibleNullability] android.net.Uri?> origin=LAMBDA
          COMPOSITE type=kotlin.Unit origin=null
          FUNCTION_REFERENCE 'private final fun VideoPlayer$lambda$1 ($inputStream: java.io.InputStream, $context: android.content.Context): @[FlexibleNullability] android.net.Uri? declared in com.example.shared.VideoPlayerKt' type=kotlin.Function0<@[FlexibleNullability] android.net.Uri?> origin=INLINE_LAMBDA reflectionTarget=null
            $inputStream: GET_VAR 'val inputStream: java.io.InputStream [val] declared in com.example.shared.VideoPlayerKt.VideoPlayer' type=java.io.InputStream origin=null
            $context: GET_VAR 'val context: android.content.Context [val] declared in com.example.shared.VideoPlayerKt.VideoPlayer' type=android.content.Context origin=null
    VAR name:exoPlayer type:androidx.media3.exoplayer.ExoPlayer [val]
      BLOCK type=androidx.media3.exoplayer.ExoPlayer origin=null
        VAR IR_TEMPORARY_VARIABLE name:tmp1 type:kotlin.Any? [val]
          CALL 'public final fun remember <T> (calculation: @[DisallowComposableCalls] kotlin.Function0<T of androidx.compose.runtime.ComposablesKt.remember>): T of androidx.compose.runtime.ComposablesKt.remember [inline] declared in androidx.compose.runtime.ComposablesKt' type=@[EnhancedNullability] androidx.media3.exoplayer.ExoPlayer origin=null
            <T>: @[EnhancedNullability] androidx.media3.exoplayer.ExoPlayer
            calculation: BLOCK type=kotlin.Function0<@[EnhancedNullability] androidx.media3.exoplayer.ExoPlayer> origin=LAMBDA
              COMPOSITE type=kotlin.Unit origin=null
              FUNCTION_REFERENCE 'private final fun VideoPlayer$lambda$3 ($context: android.content.Context, $videoUri: @[FlexibleNullability] android.net.Uri?): @[EnhancedNullability] androidx.media3.exoplayer.ExoPlayer declared in com.example.shared.VideoPlayerKt' type=kotlin.Function0<@[EnhancedNullability] androidx.media3.exoplayer.ExoPlayer> origin=INLINE_LAMBDA reflectionTarget=null
                $context: GET_VAR 'val context: android.content.Context [val] declared in com.example.shared.VideoPlayerKt.VideoPlayer' type=android.content.Context origin=null
                $videoUri: GET_VAR 'val videoUri: @[FlexibleNullability] android.net.Uri? [val] declared in com.example.shared.VideoPlayerKt.VideoPlayer' type=@[FlexibleNullability] android.net.Uri? origin=null
        CALL 'public final fun checkNotNullExpressionValue (value: kotlin.Any?, expression: kotlin.String): kotlin.Unit declared in kotlin.jvm.internal.Intrinsics' type=kotlin.Unit origin=null
          value: GET_VAR 'val tmp1: kotlin.Any? [val] declared in com.example.shared.VideoPlayerKt.VideoPlayer' type=kotlin.Any? origin=null
          expression: CONST String type=kotlin.String value="remember(...)"
        GET_VAR 'val tmp1: kotlin.Any? [val] declared in com.example.shared.VideoPlayerKt.VideoPlayer' type=kotlin.Any? origin=null
    CALL 'public final fun LaunchedEffect (key1: kotlin.Any?, block: @[ExtensionFunctionType] kotlin.coroutines.SuspendFunction1<kotlinx.coroutines.CoroutineScope, kotlin.Unit>): kotlin.Unit declared in androidx.compose.runtime.EffectsKt' type=kotlin.Unit origin=null
      key1: GET_VAR 'val exoPlayer: androidx.media3.exoplayer.ExoPlayer [val] declared in com.example.shared.VideoPlayerKt.VideoPlayer' type=androidx.media3.exoplayer.ExoPlayer origin=null
      block: BLOCK type=com.example.shared.VideoPlayerKt.VideoPlayer.<no name provided> origin=null
        CLASS SUSPEND_LAMBDA CLASS name:<no name provided> modality:FINAL visibility:public/*package*/ superTypes:[kotlin.coroutines.jvm.internal.SuspendLambda; kotlin.jvm.functions.Function2<kotlinx.coroutines.CoroutineScope, kotlin.coroutines.Continuation<kotlin.Unit>?, kotlin.Any?>]
          $this: VALUE_PARAMETER INSTANCE_RECEIVER name:<this> type:com.example.shared.VideoPlayerKt.VideoPlayer.<no name provided>
          FIELD name:label type:kotlin.Int visibility:public/*package*/
          CONSTRUCTOR SUSPEND_LAMBDA visibility:public/*package*/ <> ($exoPlayer:androidx.media3.exoplayer.ExoPlayer, $onVideoFinished:kotlin.Function0<kotlin.Unit>, $completion:kotlin.coroutines.Continuation<com.example.shared.VideoPlayerKt.VideoPlayer.<no name provided>>?) returnType:com.example.shared.VideoPlayerKt.VideoPlayer.<no name provided> [primary]
            VALUE_PARAMETER BOUND_VALUE_PARAMETER name:$exoPlayer index:0 type:androidx.media3.exoplayer.ExoPlayer
            VALUE_PARAMETER BOUND_VALUE_PARAMETER name:$onVideoFinished index:1 type:kotlin.Function0<kotlin.Unit>
            VALUE_PARAMETER name:$completion index:2 type:kotlin.coroutines.Continuation<com.example.shared.VideoPlayerKt.VideoPlayer.<no name provided>>?
            BLOCK_BODY
              SET_FIELD 'FIELD FIELD_FOR_CAPTURED_VALUE name:$exoPlayer type:androidx.media3.exoplayer.ExoPlayer visibility:public/*package*/ [final]' type=kotlin.Unit origin=INITIALIZER_OF_FIELD_FOR_CAPTURED_VALUE
                receiver: GET_VAR '<this>: com.example.shared.VideoPlayerKt.VideoPlayer.<no name provided> declared in com.example.shared.VideoPlayerKt.VideoPlayer.<no name provided>' type=com.example.shared.VideoPlayerKt.VideoPlayer.<no name provided> origin=null
                value: GET_VAR '$exoPlayer: androidx.media3.exoplayer.ExoPlayer declared in com.example.shared.VideoPlayerKt.VideoPlayer.<no name provided>.<init>' type=androidx.media3.exoplayer.ExoPlayer origin=null
              SET_FIELD 'FIELD FIELD_FOR_CAPTURED_VALUE name:$onVideoFinished type:kotlin.Function0<kotlin.Unit> visibility:public/*package*/ [final]' type=kotlin.Unit origin=INITIALIZER_OF_FIELD_FOR_CAPTURED_VALUE
                receiver: GET_VAR '<this>: com.example.shared.VideoPlayerKt.VideoPlayer.<no name provided> declared in com.example.shared.VideoPlayerKt.VideoPlayer.<no name provided>' type=com.example.shared.VideoPlayerKt.VideoPlayer.<no name provided> origin=null
                value: GET_VAR '$onVideoFinished: kotlin.Function0<kotlin.Unit> declared in com.example.shared.VideoPlayerKt.VideoPlayer.<no name provided>.<init>' type=kotlin.Function0<kotlin.Unit> origin=null
              DELEGATING_CONSTRUCTOR_CALL 'public constructor <init> (arity: kotlin.Int, $completion: kotlin.coroutines.Continuation<kotlin.Any?>?) declared in kotlin.coroutines.jvm.internal.SuspendLambda'
                arity: CONST Int type=kotlin.Int value=2
                $completion: GET_VAR '$completion: kotlin.coroutines.Continuation<com.example.shared.VideoPlayerKt.VideoPlayer.<no name provided>>? declared in com.example.shared.VideoPlayerKt.VideoPlayer.<no name provided>.<init>' type=kotlin.coroutines.Continuation<com.example.shared.VideoPlayerKt.VideoPlayer.<no name provided>>? origin=null
              BLOCK type=kotlin.Unit origin=null
          FUN name:invokeSuspend visibility:public modality:FINAL <> ($this:com.example.shared.VideoPlayerKt.VideoPlayer.<no name provided>, $result:kotlin.Result<kotlin.Any?>) returnType:kotlin.Any?
            overridden:
              protected abstract fun invokeSuspend ($result: kotlin.Result<kotlin.Any?>): kotlin.Any? declared in kotlin.coroutines.jvm.internal.SuspendLambda
            $this: VALUE_PARAMETER INSTANCE_RECEIVER name:<this> type:com.example.shared.VideoPlayerKt.VideoPlayer.<no name provided>
            VALUE_PARAMETER name:$result index:0 type:kotlin.Result<kotlin.Any?>
            BLOCK_BODY
              CALL 'public abstract fun addListener (p0: @[EnhancedNullability] androidx.media3.common.Player.Listener): kotlin.Unit [fake_override] declared in androidx.media3.exoplayer.ExoPlayer' type=kotlin.Unit origin=null
                $this: GET_FIELD 'FIELD FIELD_FOR_CAPTURED_VALUE name:$exoPlayer type:androidx.media3.exoplayer.ExoPlayer visibility:public/*package*/ [final]' type=androidx.media3.exoplayer.ExoPlayer origin=null
                  receiver: GET_VAR '<this>: com.example.shared.VideoPlayerKt.VideoPlayer.<no name provided> declared in com.example.shared.VideoPlayerKt.VideoPlayer.<no name provided>.invokeSuspend' type=com.example.shared.VideoPlayerKt.VideoPlayer.<no name provided> origin=null
                p0: BLOCK type=com.example.shared.VideoPlayerKt.VideoPlayer.<no name provided>.invokeSuspend.<no name provided> origin=OBJECT_LITERAL
                  CLASS CLASS name:<no name provided> modality:FINAL visibility:local superTypes:[androidx.media3.common.Player.Listener]
                    $this: VALUE_PARAMETER INSTANCE_RECEIVER name:<this> type:com.example.shared.VideoPlayerKt.VideoPlayer.<no name provided>.invokeSuspend.<no name provided>
                    CONSTRUCTOR visibility:public/*package*/ <> ($onVideoFinished:kotlin.Function0<kotlin.Unit>) returnType:com.example.shared.VideoPlayerKt.VideoPlayer.<no name provided>.invokeSuspend.<no name provided> [primary]
                      VALUE_PARAMETER BOUND_VALUE_PARAMETER name:$onVideoFinished index:0 type:kotlin.Function0<kotlin.Unit>
                      BLOCK_BODY
                        SET_FIELD 'FIELD FIELD_FOR_CAPTURED_VALUE name:$onVideoFinished type:kotlin.Function0<kotlin.Unit> visibility:public/*package*/ [final]' type=kotlin.Unit origin=INITIALIZER_OF_FIELD_FOR_CAPTURED_VALUE
                          receiver: GET_VAR '<this>: com.example.shared.VideoPlayerKt.VideoPlayer.<no name provided>.invokeSuspend.<no name provided> declared in com.example.shared.VideoPlayerKt.VideoPlayer.<no name provided>.invokeSuspend.<no name provided>' type=com.example.shared.VideoPlayerKt.VideoPlayer.<no name provided>.invokeSuspend.<no name provided> origin=null
                          value: GET_VAR '$onVideoFinished: kotlin.Function0<kotlin.Unit> declared in com.example.shared.VideoPlayerKt.VideoPlayer.<no name provided>.invokeSuspend.<no name provided>.<init>' type=kotlin.Function0<kotlin.Unit> origin=null
                        DELEGATING_CONSTRUCTOR_CALL 'public constructor <init> () [primary] declared in kotlin.Any'
                        BLOCK type=kotlin.Unit origin=null
                    FUN name:onPlaybackStateChanged visibility:public modality:OPEN <> ($this:com.example.shared.VideoPlayerKt.VideoPlayer.<no name provided>.invokeSuspend.<no name provided>, playbackState:kotlin.Int) returnType:kotlin.Unit
                      overridden:
                        public open fun onPlaybackStateChanged (p0: kotlin.Int): kotlin.Unit declared in androidx.media3.common.Player.Listener
                      $this: VALUE_PARAMETER name:<this> type:com.example.shared.VideoPlayerKt.VideoPlayer.<no name provided>.invokeSuspend.<no name provided>
                      VALUE_PARAMETER name:playbackState index:0 type:kotlin.Int
                      BLOCK_BODY
                        WHEN type=kotlin.Unit origin=IF
                          BRANCH
                            if: CALL 'public final fun EQEQ (arg0: kotlin.Any?, arg1: kotlin.Any?): kotlin.Boolean declared in kotlin.internal.ir' type=kotlin.Boolean origin=EQEQ
                              arg0: GET_VAR 'playbackState: kotlin.Int declared in com.example.shared.VideoPlayerKt.VideoPlayer.<no name provided>.invokeSuspend.<no name provided>.onPlaybackStateChanged' type=kotlin.Int origin=null
                              arg1: CONST Int type=kotlin.Int value=4
                            then: BLOCK type=kotlin.Unit origin=null
                              CALL 'public abstract fun invoke (): R of kotlin.Function0 [operator] declared in kotlin.Function0' type=kotlin.Unit origin=INVOKE
                                $this: GET_FIELD 'FIELD FIELD_FOR_CAPTURED_VALUE name:$onVideoFinished type:kotlin.Function0<kotlin.Unit> visibility:public/*package*/ [final]' type=kotlin.Function0<kotlin.Unit> origin=null
                                  receiver: GET_VAR '<this>: com.example.shared.VideoPlayerKt.VideoPlayer.<no name provided>.invokeSuspend.<no name provided> declared in com.example.shared.VideoPlayerKt.VideoPlayer.<no name provided>.invokeSuspend.<no name provided>.onPlaybackStateChanged' type=com.example.shared.VideoPlayerKt.VideoPlayer.<no name provided>.invokeSuspend.<no name provided> origin=null
                    FUN FAKE_OVERRIDE name:onEvents visibility:public modality:OPEN <> ($this:androidx.media3.common.Player.Listener, p0:@[EnhancedNullability] androidx.media3.common.Player, p1:@[EnhancedNullability] androidx.media3.common.Player.Events) returnType:kotlin.Unit [fake_override]
                      overridden:
                        public open fun onEvents (p0: @[EnhancedNullability] androidx.media3.common.Player, p1: @[EnhancedNullability] androidx.media3.common.Player.Events): kotlin.Unit declared in androidx.media3.common.Player.Listener
                      $this: VALUE_PARAMETER name:<this> type:androidx.media3.common.Player.Listener
                      VALUE_PARAMETER name:p0 index:0 type:@[EnhancedNullability] androidx.media3.common.Player
                      VALUE_PARAMETER name:p1 index:1 type:@[EnhancedNullability] androidx.media3.common.Player.Events
                    FUN FAKE_OVERRIDE name:onTimelineChanged visibility:public modality:OPEN <> ($this:androidx.media3.common.Player.Listener, p0:@[EnhancedNullability] androidx.media3.common.Timeline, p1:kotlin.Int) returnType:kotlin.Unit [fake_override]
                      overridden:
                        public open fun onTimelineChanged (p0: @[EnhancedNullability] androidx.media3.common.Timeline, p1: kotlin.Int): kotlin.Unit declared in androidx.media3.common.Player.Listener
                      $this: VALUE_PARAMETER name:<this> type:androidx.media3.common.Player.Listener
                      VALUE_PARAMETER name:p0 index:0 type:@[EnhancedNullability] androidx.media3.common.Timeline
                      VALUE_PARAMETER name:p1 index:1 type:kotlin.Int
                    FUN FAKE_OVERRIDE name:onMediaItemTransition visibility:public modality:OPEN <> ($this:androidx.media3.common.Player.Listener, p0:@[EnhancedNullability] androidx.media3.common.MediaItem?, p1:kotlin.Int) returnType:kotlin.Unit [fake_override]
                      overridden:
                        public open fun onMediaItemTransition (p0: @[EnhancedNullability] androidx.media3.common.MediaItem?, p1: kotlin.Int): kotlin.Unit declared in androidx.media3.common.Player.Listener
                      $this: VALUE_PARAMETER name:<this> type:androidx.media3.common.Player.Listener
                      VALUE_PARAMETER name:p0 index:0 type:@[EnhancedNullability] androidx.media3.common.MediaItem?
                        annotations:
                          Nullable
                      VALUE_PARAMETER name:p1 index:1 type:kotlin.Int
                    FUN FAKE_OVERRIDE name:onTracksChanged visibility:public modality:OPEN <> ($this:androidx.media3.common.Player.Listener, p0:@[EnhancedNullability] androidx.media3.common.Tracks) returnType:kotlin.Unit [fake_override]
                      overridden:
                        public open fun onTracksChanged (p0: @[EnhancedNullability] androidx.media3.common.Tracks): kotlin.Unit declared in androidx.media3.common.Player.Listener
                      $this: VALUE_PARAMETER name:<this> type:androidx.media3.common.Player.Listener
                      VALUE_PARAMETER name:p0 index:0 type:@[EnhancedNullability] androidx.media3.common.Tracks
                    FUN FAKE_OVERRIDE name:onMediaMetadataChanged visibility:public modality:OPEN <> ($this:androidx.media3.common.Player.Listener, p0:@[EnhancedNullability] androidx.media3.common.MediaMetadata) returnType:kotlin.Unit [fake_override]
                      overridden:
                        public open fun onMediaMetadataChanged (p0: @[EnhancedNullability] androidx.media3.common.MediaMetadata): kotlin.Unit declared in androidx.media3.common.Player.Listener
                      $this: VALUE_PARAMETER name:<this> type:androidx.media3.common.Player.Listener
                      VALUE_PARAMETER name:p0 index:0 type:@[EnhancedNullability] androidx.media3.common.MediaMetadata
                    FUN FAKE_OVERRIDE name:onPlaylistMetadataChanged visibility:public modality:OPEN <> ($this:androidx.media3.common.Player.Listener, p0:@[EnhancedNullability] androidx.media3.common.MediaMetadata) returnType:kotlin.Unit [fake_override]
                      overridden:
                        public open fun onPlaylistMetadataChanged (p0: @[EnhancedNullability] androidx.media3.common.MediaMetadata): kotlin.Unit declared in androidx.media3.common.Player.Listener
                      $this: VALUE_PARAMETER name:<this> type:androidx.media3.common.Player.Listener
                      VALUE_PARAMETER name:p0 index:0 type:@[EnhancedNullability] androidx.media3.common.MediaMetadata
                    FUN FAKE_OVERRIDE name:onIsLoadingChanged visibility:public modality:OPEN <> ($this:androidx.media3.common.Player.Listener, p0:kotlin.Boolean) returnType:kotlin.Unit [fake_override]
                      overridden:
                        public open fun onIsLoadingChanged (p0: kotlin.Boolean): kotlin.Unit declared in androidx.media3.common.Player.Listener
                      $this: VALUE_PARAMETER name:<this> type:androidx.media3.common.Player.Listener
                      VALUE_PARAMETER name:p0 index:0 type:kotlin.Boolean
                    FUN FAKE_OVERRIDE name:onLoadingChanged visibility:public modality:OPEN <> ($this:androidx.media3.common.Player.Listener, p0:kotlin.Boolean) returnType:kotlin.Unit [fake_override]
                      annotations:
                        Deprecated(message = "Deprecated in Java", replaceWith = <null>, level = <null>)
                        UnstableApi
                      overridden:
                        public open fun onLoadingChanged (p0: kotlin.Boolean): kotlin.Unit declared in androidx.media3.common.Player.Listener
                      $this: VALUE_PARAMETER name:<this> type:androidx.media3.common.Player.Listener
                      VALUE_PARAMETER name:p0 index:0 type:kotlin.Boolean
                    FUN FAKE_OVERRIDE name:onAvailableCommandsChanged visibility:public modality:OPEN <> ($this:androidx.media3.common.Player.Listener, p0:@[EnhancedNullability] androidx.media3.common.Player.Commands) returnType:kotlin.Unit [fake_override]
                      overridden:
                        public open fun onAvailableCommandsChanged (p0: @[EnhancedNullability] androidx.media3.common.Player.Commands): kotlin.Unit declared in androidx.media3.common.Player.Listener
                      $this: VALUE_PARAMETER name:<this> type:androidx.media3.common.Player.Listener
                      VALUE_PARAMETER name:p0 index:0 type:@[EnhancedNullability] androidx.media3.common.Player.Commands
                    FUN FAKE_OVERRIDE name:onTrackSelectionParametersChanged visibility:public modality:OPEN <> ($this:androidx.media3.common.Player.Listener, p0:@[EnhancedNullability] androidx.media3.common.TrackSelectionParameters) returnType:kotlin.Unit [fake_override]
                      overridden:
                        public open fun onTrackSelectionParametersChanged (p0: @[EnhancedNullability] androidx.media3.common.TrackSelectionParameters): kotlin.Unit declared in androidx.media3.common.Player.Listener
                      $this: VALUE_PARAMETER name:<this> type:androidx.media3.common.Player.Listener
                      VALUE_PARAMETER name:p0 index:0 type:@[EnhancedNullability] androidx.media3.common.TrackSelectionParameters
                    FUN FAKE_OVERRIDE name:onPlayerStateChanged visibility:public modality:OPEN <> ($this:androidx.media3.common.Player.Listener, p0:kotlin.Boolean, p1:kotlin.Int) returnType:kotlin.Unit [fake_override]
                      annotations:
                        Deprecated(message = "Deprecated in Java", replaceWith = <null>, level = <null>)
                        UnstableApi
                      overridden:
                        public open fun onPlayerStateChanged (p0: kotlin.Boolean, p1: kotlin.Int): kotlin.Unit declared in androidx.media3.common.Player.Listener
                      $this: VALUE_PARAMETER name:<this> type:androidx.media3.common.Player.Listener
                      VALUE_PARAMETER name:p0 index:0 type:kotlin.Boolean
                      VALUE_PARAMETER name:p1 index:1 type:kotlin.Int
                    FUN FAKE_OVERRIDE name:onPlayWhenReadyChanged visibility:public modality:OPEN <> ($this:androidx.media3.common.Player.Listener, p0:kotlin.Boolean, p1:kotlin.Int) returnType:kotlin.Unit [fake_override]
                      overridden:
                        public open fun onPlayWhenReadyChanged (p0: kotlin.Boolean, p1: kotlin.Int): kotlin.Unit declared in androidx.media3.common.Player.Listener
                      $this: VALUE_PARAMETER name:<this> type:androidx.media3.common.Player.Listener
                      VALUE_PARAMETER name:p0 index:0 type:kotlin.Boolean
                      VALUE_PARAMETER name:p1 index:1 type:kotlin.Int
                    FUN FAKE_OVERRIDE name:onPlaybackSuppressionReasonChanged visibility:public modality:OPEN <> ($this:androidx.media3.common.Player.Listener, p0:kotlin.Int) returnType:kotlin.Unit [fake_override]
                      overridden:
                        public open fun onPlaybackSuppressionReasonChanged (p0: kotlin.Int): kotlin.Unit declared in androidx.media3.common.Player.Listener
                      $this: VALUE_PARAMETER name:<this> type:androidx.media3.common.Player.Listener
                      VALUE_PARAMETER name:p0 index:0 type:kotlin.Int
                    FUN FAKE_OVERRIDE name:onIsPlayingChanged visibility:public modality:OPEN <> ($this:androidx.media3.common.Player.Listener, p0:kotlin.Boolean) returnType:kotlin.Unit [fake_override]
                      overridden:
                        public open fun onIsPlayingChanged (p0: kotlin.Boolean): kotlin.Unit declared in androidx.media3.common.Player.Listener
                      $this: VALUE_PARAMETER name:<this> type:androidx.media3.common.Player.Listener
                      VALUE_PARAMETER name:p0 index:0 type:kotlin.Boolean
                    FUN FAKE_OVERRIDE name:onRepeatModeChanged visibility:public modality:OPEN <> ($this:androidx.media3.common.Player.Listener, p0:kotlin.Int) returnType:kotlin.Unit [fake_override]
                      overridden:
                        public open fun onRepeatModeChanged (p0: kotlin.Int): kotlin.Unit declared in androidx.media3.common.Player.Listener
                      $this: VALUE_PARAMETER name:<this> type:androidx.media3.common.Player.Listener
                      VALUE_PARAMETER name:p0 index:0 type:kotlin.Int
                    FUN FAKE_OVERRIDE name:onShuffleModeEnabledChanged visibility:public modality:OPEN <> ($this:androidx.media3.common.Player.Listener, p0:kotlin.Boolean) returnType:kotlin.Unit [fake_override]
                      overridden:
                        public open fun onShuffleModeEnabledChanged (p0: kotlin.Boolean): kotlin.Unit declared in androidx.media3.common.Player.Listener
                      $this: VALUE_PARAMETER name:<this> type:androidx.media3.common.Player.Listener
                      VALUE_PARAMETER name:p0 index:0 type:kotlin.Boolean
                    FUN FAKE_OVERRIDE name:onPlayerError visibility:public modality:OPEN <> ($this:androidx.media3.common.Player.Listener, p0:@[EnhancedNullability] androidx.media3.common.PlaybackException) returnType:kotlin.Unit [fake_override]
                      overridden:
                        public open fun onPlayerError (p0: @[EnhancedNullability] androidx.media3.common.PlaybackException): kotlin.Unit declared in androidx.media3.common.Player.Listener
                      $this: VALUE_PARAMETER name:<this> type:androidx.media3.common.Player.Listener
                      VALUE_PARAMETER name:p0 index:0 type:@[EnhancedNullability] androidx.media3.common.PlaybackException
                    FUN FAKE_OVERRIDE name:onPlayerErrorChanged visibility:public modality:OPEN <> ($this:androidx.media3.common.Player.Listener, p0:@[EnhancedNullability] androidx.media3.common.PlaybackException?) returnType:kotlin.Unit [fake_override]
                      overridden:
                        public open fun onPlayerErrorChanged (p0: @[EnhancedNullability] androidx.media3.common.PlaybackException?): kotlin.Unit declared in androidx.media3.common.Player.Listener
                      $this: VALUE_PARAMETER name:<this> type:androidx.media3.common.Player.Listener
                      VALUE_PARAMETER name:p0 index:0 type:@[EnhancedNullability] androidx.media3.common.PlaybackException?
                        annotations:
                          Nullable
                    FUN FAKE_OVERRIDE name:onPositionDiscontinuity visibility:public modality:OPEN <> ($this:androidx.media3.common.Player.Listener, p0:kotlin.Int) returnType:kotlin.Unit [fake_override]
                      annotations:
                        Deprecated(message = "Deprecated in Java", replaceWith = <null>, level = <null>)
                        UnstableApi
                      overridden:
                        public open fun onPositionDiscontinuity (p0: kotlin.Int): kotlin.Unit declared in androidx.media3.common.Player.Listener
                      $this: VALUE_PARAMETER name:<this> type:androidx.media3.common.Player.Listener
                      VALUE_PARAMETER name:p0 index:0 type:kotlin.Int
                    FUN FAKE_OVERRIDE name:onPositionDiscontinuity visibility:public modality:OPEN <> ($this:androidx.media3.common.Player.Listener, p0:@[EnhancedNullability] androidx.media3.common.Player.PositionInfo, p1:@[EnhancedNullability] androidx.media3.common.Player.PositionInfo, p2:kotlin.Int) returnType:kotlin.Unit [fake_override]
                      overridden:
                        public open fun onPositionDiscontinuity (p0: @[EnhancedNullability] androidx.media3.common.Player.PositionInfo, p1: @[EnhancedNullability] androidx.media3.common.Player.PositionInfo, p2: kotlin.Int): kotlin.Unit declared in androidx.media3.common.Player.Listener
                      $this: VALUE_PARAMETER name:<this> type:androidx.media3.common.Player.Listener
                      VALUE_PARAMETER name:p0 index:0 type:@[EnhancedNullability] androidx.media3.common.Player.PositionInfo
                      VALUE_PARAMETER name:p1 index:1 type:@[EnhancedNullability] androidx.media3.common.Player.PositionInfo
                      VALUE_PARAMETER name:p2 index:2 type:kotlin.Int
                    FUN FAKE_OVERRIDE name:onPlaybackParametersChanged visibility:public modality:OPEN <> ($this:androidx.media3.common.Player.Listener, p0:@[EnhancedNullability] androidx.media3.common.PlaybackParameters) returnType:kotlin.Unit [fake_override]
                      overridden:
                        public open fun onPlaybackParametersChanged (p0: @[EnhancedNullability] androidx.media3.common.PlaybackParameters): kotlin.Unit declared in androidx.media3.common.Player.Listener
                      $this: VALUE_PARAMETER name:<this> type:androidx.media3.common.Player.Listener
                      VALUE_PARAMETER name:p0 index:0 type:@[EnhancedNullability] androidx.media3.common.PlaybackParameters
                    FUN FAKE_OVERRIDE name:onSeekBackIncrementChanged visibility:public modality:OPEN <> ($this:androidx.media3.common.Player.Listener, p0:kotlin.Long) returnType:kotlin.Unit [fake_override]
                      overridden:
                        public open fun onSeekBackIncrementChanged (p0: kotlin.Long): kotlin.Unit declared in androidx.media3.common.Player.Listener
                      $this: VALUE_PARAMETER name:<this> type:androidx.media3.common.Player.Listener
                      VALUE_PARAMETER name:p0 index:0 type:kotlin.Long
                    FUN FAKE_OVERRIDE name:onSeekForwardIncrementChanged visibility:public modality:OPEN <> ($this:androidx.media3.common.Player.Listener, p0:kotlin.Long) returnType:kotlin.Unit [fake_override]
                      overridden:
                        public open fun onSeekForwardIncrementChanged (p0: kotlin.Long): kotlin.Unit declared in androidx.media3.common.Player.Listener
                      $this: VALUE_PARAMETER name:<this> type:androidx.media3.common.Player.Listener
                      VALUE_PARAMETER name:p0 index:0 type:kotlin.Long
                    FUN FAKE_OVERRIDE name:onMaxSeekToPreviousPositionChanged visibility:public modality:OPEN <> ($this:androidx.media3.common.Player.Listener, p0:kotlin.Long) returnType:kotlin.Unit [fake_override]
                      overridden:
                        public open fun onMaxSeekToPreviousPositionChanged (p0: kotlin.Long): kotlin.Unit declared in androidx.media3.common.Player.Listener
                      $this: VALUE_PARAMETER name:<this> type:androidx.media3.common.Player.Listener
                      VALUE_PARAMETER name:p0 index:0 type:kotlin.Long
                    FUN FAKE_OVERRIDE name:onAudioSessionIdChanged visibility:public modality:OPEN <> ($this:androidx.media3.common.Player.Listener, p0:kotlin.Int) returnType:kotlin.Unit [fake_override]
                      annotations:
                        UnstableApi
                      overridden:
                        public open fun onAudioSessionIdChanged (p0: kotlin.Int): kotlin.Unit declared in androidx.media3.common.Player.Listener
                      $this: VALUE_PARAMETER name:<this> type:androidx.media3.common.Player.Listener
                      VALUE_PARAMETER name:p0 index:0 type:kotlin.Int
                    FUN FAKE_OVERRIDE name:onAudioAttributesChanged visibility:public modality:OPEN <> ($this:androidx.media3.common.Player.Listener, p0:@[EnhancedNullability] androidx.media3.common.AudioAttributes) returnType:kotlin.Unit [fake_override]
                      overridden:
                        public open fun onAudioAttributesChanged (p0: @[EnhancedNullability] androidx.media3.common.AudioAttributes): kotlin.Unit declared in androidx.media3.common.Player.Listener
                      $this: VALUE_PARAMETER name:<this> type:androidx.media3.common.Player.Listener
                      VALUE_PARAMETER name:p0 index:0 type:@[EnhancedNullability] androidx.media3.common.AudioAttributes
                    FUN FAKE_OVERRIDE name:onVolumeChanged visibility:public modality:OPEN <> ($this:androidx.media3.common.Player.Listener, p0:kotlin.Float) returnType:kotlin.Unit [fake_override]
                      overridden:
                        public open fun onVolumeChanged (p0: kotlin.Float): kotlin.Unit declared in androidx.media3.common.Player.Listener
                      $this: VALUE_PARAMETER name:<this> type:androidx.media3.common.Player.Listener
                      VALUE_PARAMETER name:p0 index:0 type:kotlin.Float
                    FUN FAKE_OVERRIDE name:onSkipSilenceEnabledChanged visibility:public modality:OPEN <> ($this:androidx.media3.common.Player.Listener, p0:kotlin.Boolean) returnType:kotlin.Unit [fake_override]
                      overridden:
                        public open fun onSkipSilenceEnabledChanged (p0: kotlin.Boolean): kotlin.Unit declared in androidx.media3.common.Player.Listener
                      $this: VALUE_PARAMETER name:<this> type:androidx.media3.common.Player.Listener
                      VALUE_PARAMETER name:p0 index:0 type:kotlin.Boolean
                    FUN FAKE_OVERRIDE name:onDeviceInfoChanged visibility:public modality:OPEN <> ($this:androidx.media3.common.Player.Listener, p0:@[EnhancedNullability] androidx.media3.common.DeviceInfo) returnType:kotlin.Unit [fake_override]
                      overridden:
                        public open fun onDeviceInfoChanged (p0: @[EnhancedNullability] androidx.media3.common.DeviceInfo): kotlin.Unit declared in androidx.media3.common.Player.Listener
                      $this: VALUE_PARAMETER name:<this> type:androidx.media3.common.Player.Listener
                      VALUE_PARAMETER name:p0 index:0 type:@[EnhancedNullability] androidx.media3.common.DeviceInfo
                    FUN FAKE_OVERRIDE name:onDeviceVolumeChanged visibility:public modality:OPEN <> ($this:androidx.media3.common.Player.Listener, p0:kotlin.Int, p1:kotlin.Boolean) returnType:kotlin.Unit [fake_override]
                      overridden:
                        public open fun onDeviceVolumeChanged (p0: kotlin.Int, p1: kotlin.Boolean): kotlin.Unit declared in androidx.media3.common.Player.Listener
                      $this: VALUE_PARAMETER name:<this> type:androidx.media3.common.Player.Listener
                      VALUE_PARAMETER name:p0 index:0 type:kotlin.Int
                      VALUE_PARAMETER name:p1 index:1 type:kotlin.Boolean
                    FUN FAKE_OVERRIDE name:onVideoSizeChanged visibility:public modality:OPEN <> ($this:androidx.media3.common.Player.Listener, p0:@[EnhancedNullability] androidx.media3.common.VideoSize) returnType:kotlin.Unit [fake_override]
                      overridden:
                        public open fun onVideoSizeChanged (p0: @[EnhancedNullability] androidx.media3.common.VideoSize): kotlin.Unit declared in androidx.media3.common.Player.Listener
                      $this: VALUE_PARAMETER name:<this> type:androidx.media3.common.Player.Listener
                      VALUE_PARAMETER name:p0 index:0 type:@[EnhancedNullability] androidx.media3.common.VideoSize
                    FUN FAKE_OVERRIDE name:onSurfaceSizeChanged visibility:public modality:OPEN <> ($this:androidx.media3.common.Player.Listener, p0:kotlin.Int, p1:kotlin.Int) returnType:kotlin.Unit [fake_override]
                      overridden:
                        public open fun onSurfaceSizeChanged (p0: kotlin.Int, p1: kotlin.Int): kotlin.Unit declared in androidx.media3.common.Player.Listener
                      $this: VALUE_PARAMETER name:<this> type:androidx.media3.common.Player.Listener
                      VALUE_PARAMETER name:p0 index:0 type:kotlin.Int
                      VALUE_PARAMETER name:p1 index:1 type:kotlin.Int
                    FUN FAKE_OVERRIDE name:onRenderedFirstFrame visibility:public modality:OPEN <> ($this:androidx.media3.common.Player.Listener) returnType:kotlin.Unit [fake_override]
                      overridden:
                        public open fun onRenderedFirstFrame (): kotlin.Unit declared in androidx.media3.common.Player.Listener
                      $this: VALUE_PARAMETER name:<this> type:androidx.media3.common.Player.Listener
                    FUN FAKE_OVERRIDE name:onCues visibility:public modality:OPEN <> ($this:androidx.media3.common.Player.Listener, p0:@[EnhancedNullability] @[FlexibleMutability] kotlin.collections.MutableList<@[EnhancedNullability] androidx.media3.common.text.Cue>) returnType:kotlin.Unit [fake_override]
                      annotations:
                        Deprecated(message = "Deprecated in Java", replaceWith = <null>, level = <null>)
                        UnstableApi
                      overridden:
                        public open fun onCues (p0: @[EnhancedNullability] @[FlexibleMutability] kotlin.collections.MutableList<@[EnhancedNullability] androidx.media3.common.text.Cue>): kotlin.Unit declared in androidx.media3.common.Player.Listener
                      $this: VALUE_PARAMETER name:<this> type:androidx.media3.common.Player.Listener
                      VALUE_PARAMETER name:p0 index:0 type:@[EnhancedNullability] @[FlexibleMutability] kotlin.collections.MutableList<@[EnhancedNullability] androidx.media3.common.text.Cue>
                    FUN FAKE_OVERRIDE name:onCues visibility:public modality:OPEN <> ($this:androidx.media3.common.Player.Listener, p0:@[EnhancedNullability] androidx.media3.common.text.CueGroup) returnType:kotlin.Unit [fake_override]
                      overridden:
                        public open fun onCues (p0: @[EnhancedNullability] androidx.media3.common.text.CueGroup): kotlin.Unit declared in androidx.media3.common.Player.Listener
                      $this: VALUE_PARAMETER name:<this> type:androidx.media3.common.Player.Listener
                      VALUE_PARAMETER name:p0 index:0 type:@[EnhancedNullability] androidx.media3.common.text.CueGroup
                    FUN FAKE_OVERRIDE name:onMetadata visibility:public modality:OPEN <> ($this:androidx.media3.common.Player.Listener, p0:@[EnhancedNullability] androidx.media3.common.Metadata) returnType:kotlin.Unit [fake_override]
                      annotations:
                        UnstableApi
                      overridden:
                        public open fun onMetadata (p0: @[EnhancedNullability] androidx.media3.common.Metadata): kotlin.Unit declared in androidx.media3.common.Player.Listener
                      $this: VALUE_PARAMETER name:<this> type:androidx.media3.common.Player.Listener
                      VALUE_PARAMETER name:p0 index:0 type:@[EnhancedNullability] androidx.media3.common.Metadata
                    FUN FAKE_OVERRIDE name:equals visibility:public modality:OPEN <> ($this:kotlin.Any, other:kotlin.Any?) returnType:kotlin.Boolean [fake_override,operator]
                      overridden:
                        public open fun equals (other: kotlin.Any?): kotlin.Boolean [fake_override,operator] declared in androidx.media3.common.Player.Listener
                      $this: VALUE_PARAMETER name:<this> type:kotlin.Any
                      VALUE_PARAMETER name:other index:0 type:kotlin.Any?
                    FUN FAKE_OVERRIDE name:hashCode visibility:public modality:OPEN <> ($this:kotlin.Any) returnType:kotlin.Int [fake_override]
                      overridden:
                        public open fun hashCode (): kotlin.Int [fake_override] declared in androidx.media3.common.Player.Listener
                      $this: VALUE_PARAMETER name:<this> type:kotlin.Any
                    FUN FAKE_OVERRIDE name:toString visibility:public modality:OPEN <> ($this:kotlin.Any) returnType:kotlin.String [fake_override]
                      overridden:
                        public open fun toString (): kotlin.String [fake_override] declared in androidx.media3.common.Player.Listener
                      $this: VALUE_PARAMETER name:<this> type:kotlin.Any
                    FIELD FIELD_FOR_CAPTURED_VALUE name:$onVideoFinished type:kotlin.Function0<kotlin.Unit> visibility:public/*package*/ [final]
                  BLOCK type=com.example.shared.VideoPlayerKt.VideoPlayer.<no name provided>.invokeSuspend.<no name provided> origin=null
                    CONSTRUCTOR_CALL 'public/*package*/ constructor <init> ($onVideoFinished: kotlin.Function0<kotlin.Unit>) [primary] declared in com.example.shared.VideoPlayerKt.VideoPlayer.<no name provided>.invokeSuspend.<no name provided>' type=com.example.shared.VideoPlayerKt.VideoPlayer.<no name provided>.invokeSuspend.<no name provided> origin=OBJECT_LITERAL
                      $onVideoFinished: GET_FIELD 'FIELD FIELD_FOR_CAPTURED_VALUE name:$onVideoFinished type:kotlin.Function0<kotlin.Unit> visibility:public/*package*/ [final]' type=kotlin.Function0<kotlin.Unit> origin=null
                        receiver: GET_VAR '<this>: com.example.shared.VideoPlayerKt.VideoPlayer.<no name provided> declared in com.example.shared.VideoPlayerKt.VideoPlayer.<no name provided>.invokeSuspend' type=com.example.shared.VideoPlayerKt.VideoPlayer.<no name provided> origin=null
          FUN name:create visibility:public modality:FINAL <> ($this:com.example.shared.VideoPlayerKt.VideoPlayer.<no name provided>, value:kotlin.Any?, $completion:kotlin.coroutines.Continuation<kotlin.Nothing>) returnType:kotlin.coroutines.Continuation<kotlin.Unit>
            overridden:
              public open fun create (value: kotlin.Any?, $completion: kotlin.coroutines.Continuation<kotlin.Nothing>): kotlin.coroutines.Continuation<kotlin.Unit> declared in kotlin.coroutines.jvm.internal.SuspendLambda
            $this: VALUE_PARAMETER INSTANCE_RECEIVER name:<this> type:com.example.shared.VideoPlayerKt.VideoPlayer.<no name provided>
            VALUE_PARAMETER name:value index:0 type:kotlin.Any?
            VALUE_PARAMETER name:$completion index:1 type:kotlin.coroutines.Continuation<kotlin.Nothing>
            BLOCK_BODY
              RETURN type=kotlin.Nothing from='public final fun create (value: kotlin.Any?, $completion: kotlin.coroutines.Continuation<kotlin.Nothing>): kotlin.coroutines.Continuation<kotlin.Unit> declared in com.example.shared.VideoPlayerKt.VideoPlayer.<no name provided>'
                CONSTRUCTOR_CALL 'public/*package*/ constructor <init> ($exoPlayer: androidx.media3.exoplayer.ExoPlayer, $onVideoFinished: kotlin.Function0<kotlin.Unit>, $completion: kotlin.coroutines.Continuation<com.example.shared.VideoPlayerKt.VideoPlayer.<no name provided>>?) [primary] declared in com.example.shared.VideoPlayerKt.VideoPlayer.<no name provided>' type=com.example.shared.VideoPlayerKt.VideoPlayer.<no name provided> origin=null
                  $exoPlayer: GET_FIELD 'FIELD FIELD_FOR_CAPTURED_VALUE name:$exoPlayer type:androidx.media3.exoplayer.ExoPlayer visibility:public/*package*/ [final]' type=androidx.media3.exoplayer.ExoPlayer origin=null
                    receiver: GET_VAR '<this>: com.example.shared.VideoPlayerKt.VideoPlayer.<no name provided> declared in com.example.shared.VideoPlayerKt.VideoPlayer.<no name provided>.create' type=com.example.shared.VideoPlayerKt.VideoPlayer.<no name provided> origin=null
                  $onVideoFinished: GET_FIELD 'FIELD FIELD_FOR_CAPTURED_VALUE name:$onVideoFinished type:kotlin.Function0<kotlin.Unit> visibility:public/*package*/ [final]' type=kotlin.Function0<kotlin.Unit> origin=null
                    receiver: GET_VAR '<this>: com.example.shared.VideoPlayerKt.VideoPlayer.<no name provided> declared in com.example.shared.VideoPlayerKt.VideoPlayer.<no name provided>.create' type=com.example.shared.VideoPlayerKt.VideoPlayer.<no name provided> origin=null
                  $completion: GET_VAR '$completion: kotlin.coroutines.Continuation<kotlin.Nothing> declared in com.example.shared.VideoPlayerKt.VideoPlayer.<no name provided>.create' type=kotlin.coroutines.Continuation<kotlin.Nothing> origin=null
          FUN name:invoke visibility:public modality:FINAL <> ($this:com.example.shared.VideoPlayerKt.VideoPlayer.<no name provided>, p1:kotlinx.coroutines.CoroutineScope, p2:kotlin.coroutines.Continuation<kotlin.Unit>?) returnType:kotlin.Any?
            overridden:
              public abstract fun invoke (p1: P1 of kotlin.jvm.functions.Function2, p2: P2 of kotlin.jvm.functions.Function2): R of kotlin.jvm.functions.Function2 declared in kotlin.jvm.functions.Function2
            $this: VALUE_PARAMETER INSTANCE_RECEIVER name:<this> type:com.example.shared.VideoPlayerKt.VideoPlayer.<no name provided>
            VALUE_PARAMETER name:p1 index:0 type:kotlinx.coroutines.CoroutineScope
            VALUE_PARAMETER name:p2 index:1 type:kotlin.coroutines.Continuation<kotlin.Unit>?
            BLOCK_BODY
              RETURN type=kotlin.Nothing from='public final fun invoke (p1: kotlinx.coroutines.CoroutineScope, p2: kotlin.coroutines.Continuation<kotlin.Unit>?): kotlin.Any? declared in com.example.shared.VideoPlayerKt.VideoPlayer.<no name provided>'
                CALL 'public final fun invokeSuspend ($result: kotlin.Result<kotlin.Any?>): kotlin.Any? declared in com.example.shared.VideoPlayerKt.VideoPlayer.<no name provided>' type=kotlin.Any? origin=null
                  $this: TYPE_OP type=com.example.shared.VideoPlayerKt.VideoPlayer.<no name provided> origin=IMPLICIT_CAST typeOperand=com.example.shared.VideoPlayerKt.VideoPlayer.<no name provided>
                    CALL 'public final fun create (value: kotlin.Any?, $completion: kotlin.coroutines.Continuation<kotlin.Nothing>): kotlin.coroutines.Continuation<kotlin.Unit> declared in com.example.shared.VideoPlayerKt.VideoPlayer.<no name provided>' type=kotlin.coroutines.Continuation<kotlin.Unit> origin=null
                      $this: GET_VAR '<this>: com.example.shared.VideoPlayerKt.VideoPlayer.<no name provided> declared in com.example.shared.VideoPlayerKt.VideoPlayer.<no name provided>.invoke' type=com.example.shared.VideoPlayerKt.VideoPlayer.<no name provided> origin=null
                      value: GET_VAR 'p1: kotlinx.coroutines.CoroutineScope declared in com.example.shared.VideoPlayerKt.VideoPlayer.<no name provided>.invoke' type=kotlinx.coroutines.CoroutineScope origin=null
                      $completion: GET_VAR 'p2: kotlin.coroutines.Continuation<kotlin.Unit>? declared in com.example.shared.VideoPlayerKt.VideoPlayer.<no name provided>.invoke' type=kotlin.coroutines.Continuation<kotlin.Unit>? origin=null
                  $result: CALL 'public final fun <unsafe-coerce> <T, R> (v: T of kotlin.jvm.internal.<unsafe-coerce>): R of kotlin.jvm.internal.<unsafe-coerce> declared in kotlin.jvm.internal' type=kotlin.Result<kotlin.Any?> origin=null
                    <T>: kotlin.Any?
                    <R>: kotlin.Result<kotlin.Any?>
                    v: GET_FIELD 'FIELD FIELD_FOR_OBJECT_INSTANCE name:INSTANCE type:kotlin.Unit visibility:public [final,static]' type=kotlin.Unit origin=null
          FIELD FIELD_FOR_CAPTURED_VALUE name:$exoPlayer type:androidx.media3.exoplayer.ExoPlayer visibility:public/*package*/ [final]
          FIELD FIELD_FOR_CAPTURED_VALUE name:$onVideoFinished type:kotlin.Function0<kotlin.Unit> visibility:public/*package*/ [final]
          FUN BRIDGE name:invoke visibility:public modality:OPEN <> ($this:com.example.shared.VideoPlayerKt.VideoPlayer.<no name provided>, p1:kotlin.Any?, p2:kotlin.Any?) returnType:kotlin.Any?
            $this: VALUE_PARAMETER INSTANCE_RECEIVER name:<this> type:com.example.shared.VideoPlayerKt.VideoPlayer.<no name provided>
            VALUE_PARAMETER BRIDGE name:p1 index:0 type:kotlin.Any?
            VALUE_PARAMETER BRIDGE name:p2 index:1 type:kotlin.Any?
            EXPRESSION_BODY
              RETURN type=kotlin.Nothing from='public open fun invoke (p1: kotlin.Any?, p2: kotlin.Any?): kotlin.Any? declared in com.example.shared.VideoPlayerKt.VideoPlayer.<no name provided>'
                CALL 'public final fun invoke (p1: kotlinx.coroutines.CoroutineScope, p2: kotlin.coroutines.Continuation<kotlin.Unit>?): kotlin.Any? declared in com.example.shared.VideoPlayerKt.VideoPlayer.<no name provided>' type=kotlin.Any? origin=BRIDGE_DELEGATION
                  $this: GET_VAR '<this>: com.example.shared.VideoPlayerKt.VideoPlayer.<no name provided> declared in com.example.shared.VideoPlayerKt.VideoPlayer.<no name provided>.invoke' type=com.example.shared.VideoPlayerKt.VideoPlayer.<no name provided> origin=null
                  p1: TYPE_OP type=kotlinx.coroutines.CoroutineScope origin=IMPLICIT_CAST typeOperand=kotlinx.coroutines.CoroutineScope
                    GET_VAR 'p1: kotlin.Any? declared in com.example.shared.VideoPlayerKt.VideoPlayer.<no name provided>.invoke' type=kotlin.Any? origin=null
                  p2: TYPE_OP type=kotlin.coroutines.Continuation<*> origin=IMPLICIT_CAST typeOperand=kotlin.coroutines.Continuation<*>
                    GET_VAR 'p2: kotlin.Any? declared in com.example.shared.VideoPlayerKt.VideoPlayer.<no name provided>.invoke' type=kotlin.Any? origin=null
        CONSTRUCTOR_CALL 'public/*package*/ constructor <init> ($exoPlayer: androidx.media3.exoplayer.ExoPlayer, $onVideoFinished: kotlin.Function0<kotlin.Unit>, $completion: kotlin.coroutines.Continuation<com.example.shared.VideoPlayerKt.VideoPlayer.<no name provided>>?) [primary] declared in com.example.shared.VideoPlayerKt.VideoPlayer.<no name provided>' type=com.example.shared.VideoPlayerKt.VideoPlayer.<no name provided> origin=null
          $exoPlayer: GET_VAR 'val exoPlayer: androidx.media3.exoplayer.ExoPlayer [val] declared in com.example.shared.VideoPlayerKt.VideoPlayer' type=androidx.media3.exoplayer.ExoPlayer origin=null
          $onVideoFinished: GET_VAR 'onVideoFinished: kotlin.Function0<kotlin.Unit> declared in com.example.shared.VideoPlayerKt.VideoPlayer' type=kotlin.Function0<kotlin.Unit> origin=null
          $completion: CONST Null type=kotlin.Nothing? value=null
    CALL 'public final fun DisposableEffect (key1: kotlin.Any?, effect: @[ExtensionFunctionType] kotlin.Function1<androidx.compose.runtime.DisposableEffectScope, androidx.compose.runtime.DisposableEffectResult>): kotlin.Unit declared in androidx.compose.runtime.EffectsKt' type=kotlin.Unit origin=null
      key1: GET_FIELD 'FIELD FIELD_FOR_OBJECT_INSTANCE name:INSTANCE type:kotlin.Unit visibility:public [final,static]' type=kotlin.Unit origin=null
      effect: BLOCK type=@[ExtensionFunctionType] kotlin.Function1<androidx.compose.runtime.DisposableEffectScope, androidx.compose.runtime.DisposableEffectResult> origin=LAMBDA
        COMPOSITE type=kotlin.Unit origin=null
        CALL 'public final fun <jvm-indy> <T> (dynamicCall: T of kotlin.jvm.internal.<jvm-indy>, bootstrapMethodHandle: kotlin.Any, vararg bootstrapMethodArguments: kotlin.Any): T of kotlin.jvm.internal.<jvm-indy> declared in kotlin.jvm.internal' type=@[ExtensionFunctionType] kotlin.Function1<androidx.compose.runtime.DisposableEffectScope, androidx.compose.runtime.DisposableEffectResult> origin=null
          <T>: @[ExtensionFunctionType] kotlin.Function1<androidx.compose.runtime.DisposableEffectScope, androidx.compose.runtime.DisposableEffectResult>
          dynamicCall: CALL 'public final fun invoke (p0: androidx.media3.exoplayer.ExoPlayer): @[ExtensionFunctionType] kotlin.Function1<androidx.compose.runtime.DisposableEffectScope, androidx.compose.runtime.DisposableEffectResult> declared in kotlin.jvm.internal.invokeDynamic' type=@[ExtensionFunctionType] kotlin.Function1<androidx.compose.runtime.DisposableEffectScope, androidx.compose.runtime.DisposableEffectResult> origin=null
            p0: GET_VAR 'val exoPlayer: androidx.media3.exoplayer.ExoPlayer [val] declared in com.example.shared.VideoPlayerKt.VideoPlayer' type=androidx.media3.exoplayer.ExoPlayer origin=null
          bootstrapMethodHandle: CALL 'public final fun <jvm-method-handle> (tag: kotlin.Int, owner: kotlin.String, name: kotlin.String, descriptor: kotlin.String, isInterface: kotlin.Boolean): kotlin.Any declared in kotlin.jvm.internal' type=kotlin.Any origin=null
            tag: CONST Int type=kotlin.Int value=6
            owner: CONST String type=kotlin.String value="java/lang/invoke/LambdaMetafactory"
            name: CONST String type=kotlin.String value="metafactory"
            descriptor: CONST String type=kotlin.String value="(Ljava/lang/invoke/MethodHandles$Lookup;Ljava/lang/String;Ljava/lang/invoke/MethodType;Ljava/lang/invoke/MethodType;Ljava/lang/invoke/MethodHandle;Ljava/lang/invoke/MethodType;)Ljava/lang/invoke/CallSite;"
            isInterface: CONST Boolean type=kotlin.Boolean value=false
          bootstrapMethodArguments: VARARG type=kotlin.Array<kotlin.Any> varargElementType=kotlin.Any
            CALL 'public final fun <jvm-original-method-type> (method: kotlin.Any): kotlin.Any declared in kotlin.jvm.internal' type=kotlin.Any origin=null
              method: RAW_FUNCTION_REFERENCE 'public abstract fun invoke (p1: P1 of kotlin.Function1): R of kotlin.Function1 [operator] declared in kotlin.Function1' type=kotlin.Any
            RAW_FUNCTION_REFERENCE 'private final fun VideoPlayer$lambda$5 ($exoPlayer: androidx.media3.exoplayer.ExoPlayer, $this$DisposableEffect: androidx.compose.runtime.DisposableEffectScope): androidx.compose.runtime.DisposableEffectResult declared in com.example.shared.VideoPlayerKt' type=kotlin.Any
            CALL 'public final fun <jvm-original-method-type> (method: kotlin.Any): kotlin.Any declared in kotlin.jvm.internal' type=kotlin.Any origin=null
              method: RAW_FUNCTION_REFERENCE 'public abstract fun invoke (p1: androidx.compose.runtime.DisposableEffectScope): androidx.compose.runtime.DisposableEffectResult [fake_override,operator] declared in kotlin.jvm.internal.invokeDynamic.<fake>' type=kotlin.Any
    CALL 'public final fun AndroidView$default <T> (factory: kotlin.Function1<android.content.Context, T of androidx.compose.ui.viewinterop.AndroidView_androidKt.AndroidView$default>, modifier: androidx.compose.ui.Modifier?, update: kotlin.Function1<T of androidx.compose.ui.viewinterop.AndroidView_androidKt.AndroidView$default, kotlin.Unit>?, $mask0: kotlin.Int, $handler: kotlin.Any?): kotlin.Unit declared in androidx.compose.ui.viewinterop.AndroidView_androidKt' type=kotlin.Unit origin=DEFAULT_DISPATCH_CALL
      <T>: androidx.media3.ui.PlayerView
      factory: BLOCK type=kotlin.Function1<android.content.Context, androidx.media3.ui.PlayerView> origin=LAMBDA
        COMPOSITE type=kotlin.Unit origin=null
        CALL 'public final fun <jvm-indy> <T> (dynamicCall: T of kotlin.jvm.internal.<jvm-indy>, bootstrapMethodHandle: kotlin.Any, vararg bootstrapMethodArguments: kotlin.Any): T of kotlin.jvm.internal.<jvm-indy> declared in kotlin.jvm.internal' type=kotlin.Function1<android.content.Context, androidx.media3.ui.PlayerView> origin=null
          <T>: kotlin.Function1<android.content.Context, androidx.media3.ui.PlayerView>
          dynamicCall: CALL 'public final fun invoke (p0: androidx.media3.exoplayer.ExoPlayer): kotlin.Function1<android.content.Context, androidx.media3.ui.PlayerView> declared in kotlin.jvm.internal.invokeDynamic' type=kotlin.Function1<android.content.Context, androidx.media3.ui.PlayerView> origin=null
            p0: GET_VAR 'val exoPlayer: androidx.media3.exoplayer.ExoPlayer [val] declared in com.example.shared.VideoPlayerKt.VideoPlayer' type=androidx.media3.exoplayer.ExoPlayer origin=null
          bootstrapMethodHandle: CALL 'public final fun <jvm-method-handle> (tag: kotlin.Int, owner: kotlin.String, name: kotlin.String, descriptor: kotlin.String, isInterface: kotlin.Boolean): kotlin.Any declared in kotlin.jvm.internal' type=kotlin.Any origin=null
            tag: CONST Int type=kotlin.Int value=6
            owner: CONST String type=kotlin.String value="java/lang/invoke/LambdaMetafactory"
            name: CONST String type=kotlin.String value="metafactory"
            descriptor: CONST String type=kotlin.String value="(Ljava/lang/invoke/MethodHandles$Lookup;Ljava/lang/String;Ljava/lang/invoke/MethodType;Ljava/lang/invoke/MethodType;Ljava/lang/invoke/MethodHandle;Ljava/lang/invoke/MethodType;)Ljava/lang/invoke/CallSite;"
            isInterface: CONST Boolean type=kotlin.Boolean value=false
          bootstrapMethodArguments: VARARG type=kotlin.Array<kotlin.Any> varargElementType=kotlin.Any
            CALL 'public final fun <jvm-original-method-type> (method: kotlin.Any): kotlin.Any declared in kotlin.jvm.internal' type=kotlin.Any origin=null
              method: RAW_FUNCTION_REFERENCE 'public abstract fun invoke (p1: P1 of kotlin.Function1): R of kotlin.Function1 [operator] declared in kotlin.Function1' type=kotlin.Any
            RAW_FUNCTION_REFERENCE 'private final fun VideoPlayer$lambda$7 ($exoPlayer: androidx.media3.exoplayer.ExoPlayer, context: android.content.Context): androidx.media3.ui.PlayerView declared in com.example.shared.VideoPlayerKt' type=kotlin.Any
            CALL 'public final fun <jvm-original-method-type> (method: kotlin.Any): kotlin.Any declared in kotlin.jvm.internal' type=kotlin.Any origin=null
              method: RAW_FUNCTION_REFERENCE 'public abstract fun invoke (p1: android.content.Context): androidx.media3.ui.PlayerView [fake_override,operator] declared in kotlin.jvm.internal.invokeDynamic.<fake>' type=kotlin.Any
      modifier: CALL 'public final fun fillMaxSize$default (fraction: kotlin.Float, $mask0: kotlin.Int, $handler: kotlin.Any?): androidx.compose.ui.Modifier declared in androidx.compose.foundation.layout.SizeKt' type=androidx.compose.ui.Modifier origin=DEFAULT_DISPATCH_CALL
        $receiver: GET_VAR 'modifier: androidx.compose.ui.Modifier declared in com.example.shared.VideoPlayerKt.VideoPlayer' type=androidx.compose.ui.Modifier origin=null
        fraction: COMPOSITE type=kotlin.Float origin=DEFAULT_VALUE
          CONST Float type=kotlin.Float value=0.0
        $mask0: CONST Int type=kotlin.Int value=1
        $handler: CONST Null type=kotlin.Any? value=null
      update: COMPOSITE type=kotlin.Function1<T of androidx.compose.ui.viewinterop.AndroidView_androidKt.AndroidView$default, kotlin.Unit>? origin=DEFAULT_VALUE
        CONST Null type=kotlin.Function1<T of androidx.compose.ui.viewinterop.AndroidView_androidKt.AndroidView$default, kotlin.Unit>? value=null
      $mask0: CONST Int type=kotlin.Int value=4
      $handler: CONST Null type=kotlin.Any? value=null

	at org.jetbrains.kotlin.backend.jvm.codegen.FunctionCodegen.generate(FunctionCodegen.kt:50)
	at org.jetbrains.kotlin.backend.jvm.codegen.FunctionCodegen.generate$default(FunctionCodegen.kt:42)
	at org.jetbrains.kotlin.backend.jvm.codegen.ClassCodegen.generateMethodNode(ClassCodegen.kt:385)
	at org.jetbrains.kotlin.backend.jvm.codegen.ClassCodegen.generateMethod(ClassCodegen.kt:402)
	at org.jetbrains.kotlin.backend.jvm.codegen.ClassCodegen.generate(ClassCodegen.kt:169)
	at org.jetbrains.kotlin.backend.jvm.FileCodegen.lower(JvmPhases.kt:41)
	at org.jetbrains.kotlin.backend.common.phaser.PhaseBuildersKt.makeIrFilePhase$lambda$5(PhaseBuilders.kt:114)
	at org.jetbrains.kotlin.backend.common.phaser.PhaseBuildersKt$createSimpleNamedCompilerPhase$1.phaseBody(PhaseBuilders.kt:71)
	at org.jetbrains.kotlin.backend.common.phaser.SimpleNamedCompilerPhase.phaseBody(CompilerPhase.kt:226)
	at org.jetbrains.kotlin.backend.common.phaser.AbstractNamedCompilerPhase.invoke(CompilerPhase.kt:113)
	at org.jetbrains.kotlin.backend.common.phaser.PerformByIrFilePhase.invokeSequential(performByIrFile.kt:62)
	... 43 more
Caused by: org.jetbrains.kotlin.codegen.CompilationException: Back-end (JVM) Internal error: Couldn't inline method call: CALL 'public final fun <get-current> (): T of androidx.compose.runtime.CompositionLocal [inline] declared in androidx.compose.runtime.CompositionLocal' type=android.content.Context origin=GET_PROPERTY
Method: null
File is unknown
The root cause java.lang.IllegalStateException was thrown at: org.jetbrains.kotlin.codegen.inline.SourceCompilerForInlineKt.getMethodNode(SourceCompilerForInline.kt:118)
	at org.jetbrains.kotlin.codegen.inline.InlineCodegen.performInline(InlineCodegen.kt:65)
	at org.jetbrains.kotlin.backend.jvm.codegen.IrInlineCodegen.genInlineCall(IrInlineCodegen.kt:162)
	at org.jetbrains.kotlin.backend.jvm.codegen.IrInlineCallGenerator.genCall(IrInlineCallGenerator.kt:36)
	at org.jetbrains.kotlin.backend.jvm.codegen.ExpressionCodegen.visitCall(ExpressionCodegen.kt:647)
	at org.jetbrains.kotlin.backend.jvm.codegen.ExpressionCodegen.visitCall(ExpressionCodegen.kt:137)
	at org.jetbrains.kotlin.ir.expressions.IrCall.accept(IrCall.kt:24)
	at org.jetbrains.kotlin.backend.jvm.codegen.ExpressionCodegen.visitVariable(ExpressionCodegen.kt:784)
	at org.jetbrains.kotlin.backend.jvm.codegen.ExpressionCodegen.visitVariable(ExpressionCodegen.kt:137)
	at org.jetbrains.kotlin.ir.declarations.IrVariable.accept(IrVariable.kt:36)
	at org.jetbrains.kotlin.backend.jvm.codegen.ExpressionCodegen.visitStatementContainer(ExpressionCodegen.kt:573)
	at org.jetbrains.kotlin.backend.jvm.codegen.ExpressionCodegen.visitBlockBody(ExpressionCodegen.kt:578)
	at org.jetbrains.kotlin.backend.jvm.codegen.ExpressionCodegen.visitBlockBody(ExpressionCodegen.kt:137)
	at org.jetbrains.kotlin.ir.expressions.IrBlockBody.accept(IrBlockBody.kt:20)
	at org.jetbrains.kotlin.backend.jvm.codegen.ExpressionCodegen.generate(ExpressionCodegen.kt:239)
	at org.jetbrains.kotlin.backend.jvm.codegen.FunctionCodegen.doGenerate(FunctionCodegen.kt:121)
	at org.jetbrains.kotlin.backend.jvm.codegen.FunctionCodegen.generate(FunctionCodegen.kt:46)
	... 53 more
Caused by: java.lang.IllegalStateException: couldn't find inline method Landroidx/compose/runtime/CompositionLocal;.getCurrent()Ljava/lang/Object;
	at org.jetbrains.kotlin.codegen.inline.SourceCompilerForInlineKt.getMethodNode(SourceCompilerForInline.kt:118)
	at org.jetbrains.kotlin.codegen.inline.SourceCompilerForInlineKt.loadCompiledInlineFunction(SourceCompilerForInline.kt:96)
	at org.jetbrains.kotlin.backend.jvm.codegen.IrSourceCompilerForInline.compileInlineFunction(IrSourceCompilerForInline.kt:91)
	at org.jetbrains.kotlin.codegen.inline.InlineCodegen.compileInline(InlineCodegen.kt:43)
	at org.jetbrains.kotlin.codegen.inline.InlineCodegen.performInline(InlineCodegen.kt:51)
	... 68 more


